# JRE version: OpenJDK Runtime Environment GraalVM CE 22.3.0 (17.0.5+8) (build 17.0.5+8-jvmci-22.3-b08)
# Java VM: OpenJDK 64-Bit Server VM GraalVM CE 22.3.0 (17.0.5+8-jvmci-22.3-b08, mixed mode, sharing, tiered, jvmci, jvmci compiler, compressed oops, compressed class ptrs, parallel gc, linux-amd64)
GC Precious Log:
 CPUs: 8 total, 1 available
 Memory: 1024M
 Large Page Support: Disabled
 NUMA Support: Disabled
 Compressed Oops: Enabled (32-bit)
 Alignments: Space 512K, Generation 512K, Heap 2M
 Heap Min Capacity: 100M
 Heap Initial Capacity: 100M
 Heap Max Capacity: 512M
 Pre-touch: Disabled
 Parallel Workers: 1
Heap:
 PSYoungGen      total 21504K, used 15360K [0x00000000f5580000, 0x00000000f7180000, 0x0000000100000000)
  eden space 15360K, 100% used [0x00000000f5580000,0x00000000f6480000,0x00000000f6480000)
  from space 6144K, 0% used [0x00000000f6b80000,0x00000000f6b80000,0x00000000f7180000)
  to   space 6144K, 0% used [0x00000000f6480000,0x00000000f6480000,0x00000000f6a80000)
 ParOldGen       total 349696K, used 349696K [0x00000000e0000000, 0x00000000f5580000, 0x00000000f5580000)
  object space 349696K, 100% used [0x00000000e0000000,0x00000000f5580000,0x00000000f5580000)
 Metaspace       used 58184K, committed 59072K, reserved 1105920K
  class space    used 5387K, committed 5760K, reserved 1048576K
GC Heap History (20 events):
Event: 673.017 GC heap before
{Heap before GC invocations=587 (full 495):
 PSYoungGen      total 21504K, used 15359K [0x00000000f5580000, 0x00000000f7180000, 0x0000000100000000)
  eden space 15360K, 99% used [0x00000000f5580000,0x00000000f647fff8,0x00000000f6480000)
  from space 6144K, 0% used [0x00000000f6b80000,0x00000000f6b80000,0x00000000f7180000)
  to   space 6144K, 0% used [0x00000000f6480000,0x00000000f6480000,0x00000000f6a80000)
 ParOldGen       total 349696K, used 349695K [0x00000000e0000000, 0x00000000f5580000, 0x00000000f5580000)
  object space 349696K, 99% used [0x00000000e0000000,0x00000000f557fff8,0x00000000f5580000)
 Metaspace       used 58184K, committed 59072K, reserved 1105920K
  class space    used 5387K, committed 5760K, reserved 1048576K
}
Event: 674.220 GC heap after
{Heap after GC invocations=587 (full 495):
 PSYoungGen      total 21504K, used 15359K [0x00000000f5580000, 0x00000000f7180000, 0x0000000100000000)
  eden space 15360K, 99% used [0x00000000f5580000,0x00000000f647ffe8,0x00000000f6480000)
  from space 6144K, 0% used [0x00000000f6480000,0x00000000f6480000,0x00000000f6a80000)
  to   space 6144K, 0% used [0x00000000f6b80000,0x00000000f6b80000,0x00000000f7180000)
 ParOldGen       total 349696K, used 349695K [0x00000000e0000000, 0x00000000f5580000, 0x00000000f5580000)
  object space 349696K, 99% used [0x00000000e0000000,0x00000000f557fff8,0x00000000f5580000)
 Metaspace       used 58184K, committed 59072K, reserved 1105920K
  class space    used 5387K, committed 5760K, reserved 1048576K
}
Event: 674.220 GC heap before
{Heap before GC invocations=588 (full 496):
 PSYoungGen      total 21504K, used 15359K [0x00000000f5580000, 0x00000000f7180000, 0x0000000100000000)
  eden space 15360K, 99% used [0x00000000f5580000,0x00000000f647fff8,0x00000000f6480000)
  from space 6144K, 0% used [0x00000000f6480000,0x00000000f6480000,0x00000000f6a80000)
  to   space 6144K, 0% used [0x00000000f6b80000,0x00000000f6b80000,0x00000000f7180000)
 ParOldGen       total 349696K, used 349695K [0x00000000e0000000, 0x00000000f5580000, 0x00000000f5580000)
  object space 349696K, 99% used [0x00000000e0000000,0x00000000f557fff8,0x00000000f5580000)
 Metaspace       used 58184K, committed 59072K, reserved 1105920K
  class space    used 5387K, committed 5760K, reserved 1048576K
}
Event: 675.425 GC heap after
{Heap after GC invocations=588 (full 496):
 PSYoungGen      total 21504K, used 15359K [0x00000000f5580000, 0x00000000f7180000, 0x0000000100000000)
  eden space 15360K, 99% used [0x00000000f5580000,0x00000000f647ffe8,0x00000000f6480000)
  from space 6144K, 0% used [0x00000000f6b80000,0x00000000f6b80000,0x00000000f7180000)
  to   space 6144K, 0% used [0x00000000f6480000,0x00000000f6480000,0x00000000f6a80000)
 ParOldGen       total 349696K, used 349695K [0x00000000e0000000, 0x00000000f5580000, 0x00000000f5580000)
  object space 349696K, 99% used [0x00000000e0000000,0x00000000f557fff8,0x00000000f5580000)
 Metaspace       used 58184K, committed 59072K, reserved 1105920K
  class space    used 5387K, committed 5760K, reserved 1048576K
}
Event: 675.427 GC heap before
{Heap before GC invocations=589 (full 497):
 PSYoungGen      total 21504K, used 15359K [0x00000000f5580000, 0x00000000f7180000, 0x0000000100000000)
  eden space 15360K, 99% used [0x00000000f5580000,0x00000000f647fff8,0x00000000f6480000)
  from space 6144K, 0% used [0x00000000f6b80000,0x00000000f6b80000,0x00000000f7180000)
  to   space 6144K, 0% used [0x00000000f6480000,0x00000000f6480000,0x00000000f6a80000)
 ParOldGen       total 349696K, used 349695K [0x00000000e0000000, 0x00000000f5580000, 0x00000000f5580000)
  object space 349696K, 99% used [0x00000000e0000000,0x00000000f557fff8,0x00000000f5580000)
 Metaspace       used 58184K, committed 59072K, reserved 1105920K
  class space    used 5387K, committed 5760K, reserved 1048576K
}
Event: 676.642 GC heap after
{Heap after GC invocations=589 (full 497):
 PSYoungGen      total 21504K, used 15359K [0x00000000f5580000, 0x00000000f7180000, 0x0000000100000000)
  eden space 15360K, 99% used [0x00000000f5580000,0x00000000f647ffe8,0x00000000f6480000)
  from space 6144K, 0% used [0x00000000f6480000,0x00000000f6480000,0x00000000f6a80000)
  to   space 6144K, 0% used [0x00000000f6b80000,0x00000000f6b80000,0x00000000f7180000)
 ParOldGen       total 349696K, used 349695K [0x00000000e0000000, 0x00000000f5580000, 0x00000000f5580000)
  object space 349696K, 99% used [0x00000000e0000000,0x00000000f557fff8,0x00000000f5580000)
 Metaspace       used 58184K, committed 59072K, reserved 1105920K
  class space    used 5387K, committed 5760K, reserved 1048576K
}
Event: 676.644 GC heap before
{Heap before GC invocations=590 (full 498):
 PSYoungGen      total 21504K, used 15359K [0x00000000f5580000, 0x00000000f7180000, 0x0000000100000000)
  eden space 15360K, 99% used [0x00000000f5580000,0x00000000f647fff8,0x00000000f6480000)
  from space 6144K, 0% used [0x00000000f6480000,0x00000000f6480000,0x00000000f6a80000)
  to   space 6144K, 0% used [0x00000000f6b80000,0x00000000f6b80000,0x00000000f7180000)
 ParOldGen       total 349696K, used 349695K [0x00000000e0000000, 0x00000000f5580000, 0x00000000f5580000)
  object space 349696K, 99% used [0x00000000e0000000,0x00000000f557fff8,0x00000000f5580000)
 Metaspace       used 58184K, committed 59072K, reserved 1105920K
  class space    used 5387K, committed 5760K, reserved 1048576K
}
Event: 677.735 GC heap after
{Heap after GC invocations=590 (full 498):
 PSYoungGen      total 21504K, used 15359K [0x00000000f5580000, 0x00000000f7180000, 0x0000000100000000)
  eden space 15360K, 99% used [0x00000000f5580000,0x00000000f647ffe8,0x00000000f6480000)
  from space 6144K, 0% used [0x00000000f6b80000,0x00000000f6b80000,0x00000000f7180000)
  to   space 6144K, 0% used [0x00000000f6480000,0x00000000f6480000,0x00000000f6a80000)
 ParOldGen       total 349696K, used 349695K [0x00000000e0000000, 0x00000000f5580000, 0x00000000f5580000)
  object space 349696K, 99% used [0x00000000e0000000,0x00000000f557fff8,0x00000000f5580000)
 Metaspace       used 58184K, committed 59072K, reserved 1105920K
  class space    used 5387K, committed 5760K, reserved 1048576K
}
Event: 677.735 GC heap before
{Heap before GC invocations=591 (full 499):
 PSYoungGen      total 21504K, used 15359K [0x00000000f5580000, 0x00000000f7180000, 0x0000000100000000)
  eden space 15360K, 99% used [0x00000000f5580000,0x00000000f647ffe8,0x00000000f6480000)
  from space 6144K, 0% used [0x00000000f6b80000,0x00000000f6b80000,0x00000000f7180000)
  to   space 6144K, 0% used [0x00000000f6480000,0x00000000f6480000,0x00000000f6a80000)
 ParOldGen       total 349696K, used 349695K [0x00000000e0000000, 0x00000000f5580000, 0x00000000f5580000)
  object space 349696K, 99% used [0x00000000e0000000,0x00000000f557fff8,0x00000000f5580000)
 Metaspace       used 58184K, committed 59072K, reserved 1105920K
  class space    used 5387K, committed 5760K, reserved 1048576K
}
Event: 678.794 GC heap after
{Heap after GC invocations=591 (full 499):
 PSYoungGen      total 21504K, used 15359K [0x00000000f5580000, 0x00000000f7180000, 0x0000000100000000)
  eden space 15360K, 99% used [0x00000000f5580000,0x00000000f647ffe8,0x00000000f6480000)
  from space 6144K, 0% used [0x00000000f6480000,0x00000000f6480000,0x00000000f6a80000)
  to   space 6144K, 0% used [0x00000000f6b80000,0x00000000f6b80000,0x00000000f7180000)
 ParOldGen       total 349696K, used 349695K [0x00000000e0000000, 0x00000000f5580000, 0x00000000f5580000)
  object space 349696K, 99% used [0x00000000e0000000,0x00000000f557fff8,0x00000000f5580000)
 Metaspace       used 58184K, committed 59072K, reserved 1105920K
  class space    used 5387K, committed 5760K, reserved 1048576K
}
Event: 678.795 GC heap before
{Heap before GC invocations=592 (full 500):
 PSYoungGen      total 21504K, used 15359K [0x00000000f5580000, 0x00000000f7180000, 0x0000000100000000)
  eden space 15360K, 99% used [0x00000000f5580000,0x00000000f647ffe8,0x00000000f6480000)
  from space 6144K, 0% used [0x00000000f6480000,0x00000000f6480000,0x00000000f6a80000)
  to   space 6144K, 0% used [0x00000000f6b80000,0x00000000f6b80000,0x00000000f7180000)
 ParOldGen       total 349696K, used 349695K [0x00000000e0000000, 0x00000000f5580000, 0x00000000f5580000)
  object space 349696K, 99% used [0x00000000e0000000,0x00000000f557fff8,0x00000000f5580000)
 Metaspace       used 58184K, committed 59072K, reserved 1105920K
  class space    used 5387K, committed 5760K, reserved 1048576K
}
Event: 680.024 GC heap after
{Heap after GC invocations=592 (full 500):
 PSYoungGen      total 21504K, used 15359K [0x00000000f5580000, 0x00000000f7180000, 0x0000000100000000)
  eden space 15360K, 99% used [0x00000000f5580000,0x00000000f647ffe8,0x00000000f6480000)
  from space 6144K, 0% used [0x00000000f6b80000,0x00000000f6b80000,0x00000000f7180000)
  to   space 6144K, 0% used [0x00000000f6480000,0x00000000f6480000,0x00000000f6a80000)
 ParOldGen       total 349696K, used 349695K [0x00000000e0000000, 0x00000000f5580000, 0x00000000f5580000)
  object space 349696K, 99% used [0x00000000e0000000,0x00000000f557fd28,0x00000000f5580000)
 Metaspace       used 58184K, committed 59072K, reserved 1105920K
  class space    used 5387K, committed 5760K, reserved 1048576K
}
Event: 680.025 GC heap before
{Heap before GC invocations=593 (full 501):
 PSYoungGen      total 21504K, used 15360K [0x00000000f5580000, 0x00000000f7180000, 0x0000000100000000)
  eden space 15360K, 100% used [0x00000000f5580000,0x00000000f6480000,0x00000000f6480000)
  from space 6144K, 0% used [0x00000000f6b80000,0x00000000f6b80000,0x00000000f7180000)
  to   space 6144K, 0% used [0x00000000f6480000,0x00000000f6480000,0x00000000f6a80000)
 ParOldGen       total 349696K, used 349695K [0x00000000e0000000, 0x00000000f5580000, 0x00000000f5580000)
  object space 349696K, 99% used [0x00000000e0000000,0x00000000f557fff8,0x00000000f5580000)
 Metaspace       used 58184K, committed 59072K, reserved 1105920K
  class space    used 5387K, committed 5760K, reserved 1048576K
}
Event: 681.099 GC heap after
{Heap after GC invocations=593 (full 501):
 PSYoungGen      total 21504K, used 15360K [0x00000000f5580000, 0x00000000f7180000, 0x0000000100000000)
  eden space 15360K, 100% used [0x00000000f5580000,0x00000000f6480000,0x00000000f6480000)
  from space 6144K, 0% used [0x00000000f6480000,0x00000000f6480000,0x00000000f6a80000)
  to   space 6144K, 0% used [0x00000000f6b80000,0x00000000f6b80000,0x00000000f7180000)
 ParOldGen       total 349696K, used 349695K [0x00000000e0000000, 0x00000000f5580000, 0x00000000f5580000)
  object space 349696K, 99% used [0x00000000e0000000,0x00000000f557fff8,0x00000000f5580000)
 Metaspace       used 58184K, committed 59072K, reserved 1105920K
  class space    used 5387K, committed 5760K, reserved 1048576K
}
Event: 681.099 GC heap before
{Heap before GC invocations=594 (full 502):
 PSYoungGen      total 21504K, used 15360K [0x00000000f5580000, 0x00000000f7180000, 0x0000000100000000)
  eden space 15360K, 100% used [0x00000000f5580000,0x00000000f6480000,0x00000000f6480000)
  from space 6144K, 0% used [0x00000000f6480000,0x00000000f6480000,0x00000000f6a80000)
  to   space 6144K, 0% used [0x00000000f6b80000,0x00000000f6b80000,0x00000000f7180000)
 ParOldGen       total 349696K, used 349695K [0x00000000e0000000, 0x00000000f5580000, 0x00000000f5580000)
  object space 349696K, 99% used [0x00000000e0000000,0x00000000f557fff8,0x00000000f5580000)
 Metaspace       used 58184K, committed 59072K, reserved 1105920K
  class space    used 5387K, committed 5760K, reserved 1048576K
}
Event: 682.286 GC heap after
{Heap after GC invocations=594 (full 502):
 PSYoungGen      total 21504K, used 15360K [0x00000000f5580000, 0x00000000f7180000, 0x0000000100000000)
  eden space 15360K, 100% used [0x00000000f5580000,0x00000000f6480000,0x00000000f6480000)
  from space 6144K, 0% used [0x00000000f6b80000,0x00000000f6b80000,0x00000000f7180000)
  to   space 6144K, 0% used [0x00000000f6480000,0x00000000f6480000,0x00000000f6a80000)
 ParOldGen       total 349696K, used 349695K [0x00000000e0000000, 0x00000000f5580000, 0x00000000f5580000)
  object space 349696K, 99% used [0x00000000e0000000,0x00000000f557fff8,0x00000000f5580000)
 Metaspace       used 58184K, committed 59072K, reserved 1105920K
  class space    used 5387K, committed 5760K, reserved 1048576K
}
Event: 682.288 GC heap before
{Heap before GC invocations=595 (full 503):
 PSYoungGen      total 21504K, used 15360K [0x00000000f5580000, 0x00000000f7180000, 0x0000000100000000)
  eden space 15360K, 100% used [0x00000000f5580000,0x00000000f6480000,0x00000000f6480000)
  from space 6144K, 0% used [0x00000000f6b80000,0x00000000f6b80000,0x00000000f7180000)
  to   space 6144K, 0% used [0x00000000f6480000,0x00000000f6480000,0x00000000f6a80000)
 ParOldGen       total 349696K, used 349695K [0x00000000e0000000, 0x00000000f5580000, 0x00000000f5580000)
  object space 349696K, 99% used [0x00000000e0000000,0x00000000f557fff8,0x00000000f5580000)
 Metaspace       used 58184K, committed 59072K, reserved 1105920K
  class space    used 5387K, committed 5760K, reserved 1048576K
}
Event: 683.424 GC heap after
{Heap after GC invocations=595 (full 503):
 PSYoungGen      total 21504K, used 15360K [0x00000000f5580000, 0x00000000f7180000, 0x0000000100000000)
  eden space 15360K, 100% used [0x00000000f5580000,0x00000000f6480000,0x00000000f6480000)
  from space 6144K, 0% used [0x00000000f6480000,0x00000000f6480000,0x00000000f6a80000)
  to   space 6144K, 0% used [0x00000000f6b80000,0x00000000f6b80000,0x00000000f7180000)
 ParOldGen       total 349696K, used 349695K [0x00000000e0000000, 0x00000000f5580000, 0x00000000f5580000)
  object space 349696K, 99% used [0x00000000e0000000,0x00000000f557ffd8,0x00000000f5580000)
 Metaspace       used 58184K, committed 59072K, reserved 1105920K
  class space    used 5387K, committed 5760K, reserved 1048576K
}
Event: 683.424 GC heap before
{Heap before GC invocations=596 (full 504):
 PSYoungGen      total 21504K, used 15360K [0x00000000f5580000, 0x00000000f7180000, 0x0000000100000000)
  eden space 15360K, 100% used [0x00000000f5580000,0x00000000f6480000,0x00000000f6480000)
  from space 6144K, 0% used [0x00000000f6480000,0x00000000f6480000,0x00000000f6a80000)
  to   space 6144K, 0% used [0x00000000f6b80000,0x00000000f6b80000,0x00000000f7180000)
 ParOldGen       total 349696K, used 349695K [0x00000000e0000000, 0x00000000f5580000, 0x00000000f5580000)
  object space 349696K, 99% used [0x00000000e0000000,0x00000000f557ffd8,0x00000000f5580000)
 Metaspace       used 58184K, committed 59072K, reserved 1105920K
  class space    used 5387K, committed 5760K, reserved 1048576K
}
Event: 684.606 GC heap after
{Heap after GC invocations=596 (full 504):
 PSYoungGen      total 21504K, used 15360K [0x00000000f5580000, 0x00000000f7180000, 0x0000000100000000)
  eden space 15360K, 100% used [0x00000000f5580000,0x00000000f6480000,0x00000000f6480000)
  from space 6144K, 0% used [0x00000000f6b80000,0x00000000f6b80000,0x00000000f7180000)
  to   space 6144K, 0% used [0x00000000f6480000,0x00000000f6480000,0x00000000f6a80000)
 ParOldGen       total 349696K, used 349695K [0x00000000e0000000, 0x00000000f5580000, 0x00000000f5580000)
  object space 349696K, 99% used [0x00000000e0000000,0x00000000f557ffd8,0x00000000f5580000)
 Metaspace       used 58184K, committed 59072K, reserved 1105920K
  class space    used 5387K, committed 5760K, reserved 1048576K
}

